<?xml version="1.0" encoding="UTF-8"?>
<!-- Generated by org.testng.reporters.JUnitReportReporter -->
<testsuite skipped="0" hostname="LAPTOP-PUOVKL6P" name="appTest.NumComparison" tests="1" failures="0" timestamp="13 Oct 2021 09:37:10 GMT" time="0.001" errors="0">
  <testcase name="intComparison" time="0.001" classname="appTest.NumComparison"/>
</testsuite> <!-- appTest.NumComparison -->
