<?xml version="1.0" encoding="UTF-8"?>
<!-- Generated by org.testng.reporters.JUnitReportReporter -->
<testsuite hostname="LAPTOP-PUOVKL6P" failures="0" tests="4" name="appTest.AppTest" time="0.011" errors="0" timestamp="13 Oct 2021 09:37:27 GMT" skipped="0">
  <testcase classname="appTest.AppTest" name="loginTest" time="0.009"/>
  <testcase classname="appTest.AppTest" name="loginTestWithInvalid" time="0.001"/>
  <testcase classname="appTest.AppTest" name="loginTest" time="0.001"/>
  <testcase classname="appTest.AppTest" name="loginTestWithInvalid" time="0.000"/>
</testsuite> <!-- appTest.AppTest -->
