<?xml version="1.0" encoding="UTF-8"?>
<!-- Generated by org.testng.reporters.JUnitReportReporter -->
<testsuite hostname="LAPTOP-PUOVKL6P" failures="0" tests="1" name="appTest.NumComparison" time="0.000" errors="0" timestamp="13 Oct 2021 09:37:27 GMT" skipped="0">
  <testcase classname="appTest.NumComparison" name="intComparison" time="0.000"/>
</testsuite> <!-- appTest.NumComparison -->
